0 info it worked if it ends with ok
1 verbose cli [ '/usr/local/bin/node', '/usr/local/bin/npm', 'publish' ]
2 info using npm@4.1.2
3 info using node@v4.1.1
4 verbose publish [ '.' ]
5 silly cache add args [ '.', null ]
6 verbose cache add spec .
7 silly cache add parsed spec Result {
7 silly cache add   raw: '.',
7 silly cache add   scope: null,
7 silly cache add   escapedName: null,
7 silly cache add   name: null,
7 silly cache add   rawSpec: '.',
7 silly cache add   spec: '/Users/mayankchhabra/projects/meteor-up-auto-nginx',
7 silly cache add   type: 'directory' }
8 verbose addLocalDirectory /Users/mayankchhabra/.npm/mup-auto-nginx/1.2.2/package.tgz not in flight; packing
9 verbose correctMkdir /Users/mayankchhabra/.npm correctMkdir not in flight; initializing
10 warn prepublish-on-install As of npm@5, `prepublish` scripts will run only for `npm publish`.
11 warn prepublish-on-install (In npm@4 and previous versions, it also runs for `npm install`.)
12 warn prepublish-on-install See the deprecation note in `npm help scripts` for more information.
13 info lifecycle mup-auto-nginx@1.2.2~prepublish: mup-auto-nginx@1.2.2
14 verbose lifecycle mup-auto-nginx@1.2.2~prepublish: unsafe-perm in lifecycle true
15 verbose lifecycle mup-auto-nginx@1.2.2~prepublish: PATH: /usr/local/lib/node_modules/npm/bin/node-gyp-bin:/Users/mayankchhabra/projects/meteor-up-auto-nginx/node_modules/.bin:/usr/local/bin:/usr/bin:/bin:/usr/sbin:/sbin
16 verbose lifecycle mup-auto-nginx@1.2.2~prepublish: CWD: /Users/mayankchhabra/projects/meteor-up-auto-nginx
17 silly lifecycle mup-auto-nginx@1.2.2~prepublish: Args: [ '-c', 'nofat make' ]
18 silly lifecycle mup-auto-nginx@1.2.2~prepublish: Returned: code: 1  signal: null
19 info lifecycle mup-auto-nginx@1.2.2~prepublish: Failed to exec prepublish script
20 error addLocal Could not install /Users/mayankchhabra/projects/meteor-up-auto-nginx
21 verbose stack Error: mup-auto-nginx@1.2.2 prepublish: `nofat make`
21 verbose stack Exit status 1
21 verbose stack     at EventEmitter.<anonymous> (/usr/local/lib/node_modules/npm/lib/utils/lifecycle.js:279:16)
21 verbose stack     at emitTwo (events.js:87:13)
21 verbose stack     at EventEmitter.emit (events.js:172:7)
21 verbose stack     at ChildProcess.<anonymous> (/usr/local/lib/node_modules/npm/lib/utils/spawn.js:40:14)
21 verbose stack     at emitTwo (events.js:87:13)
21 verbose stack     at ChildProcess.emit (events.js:172:7)
21 verbose stack     at maybeClose (internal/child_process.js:817:16)
21 verbose stack     at Process.ChildProcess._handle.onexit (internal/child_process.js:211:5)
22 verbose pkgid mup-auto-nginx@1.2.2
23 verbose cwd /Users/mayankchhabra/projects/meteor-up-auto-nginx
24 error Darwin 16.0.0
25 error argv "/usr/local/bin/node" "/usr/local/bin/npm" "publish"
26 error node v4.1.1
27 error npm  v4.1.2
28 error code ELIFECYCLE
29 error mup-auto-nginx@1.2.2 prepublish: `nofat make`
29 error Exit status 1
30 error Failed at the mup-auto-nginx@1.2.2 prepublish script 'nofat make'.
30 error Make sure you have the latest version of node.js and npm installed.
30 error If you do, this is most likely a problem with the mup-auto-nginx package,
30 error not with npm itself.
30 error Tell the author that this fails on your system:
30 error     nofat make
30 error You can get information on how to open an issue for this project with:
30 error     npm bugs mup-auto-nginx
30 error Or if that isn't available, you can get their info via:
30 error     npm owner ls mup-auto-nginx
30 error There is likely additional logging output above.
31 verbose exit [ 1, true ]
